Not a valid list position.
Could not find element with Id 'katalon.composer.objectrepository.handledmenuitem.spyweb'
Could not find element with Id 'com.kms.katalon.composer.integration.analytics.handledtoolitem.katalonTestOps'
Could not find element with Id 'com.kms.katalon.composer.mobile.dynamicmenucontribution.ios'
Could not find element with Id 'com.kms.katalon.composer.mobile.dynamicmenucontribution.ios'
Warning: NLS unused message: Key in: com.kms.katalon.composer.project.constants.composerProjectMessages
Warning: NLS unused message: Key in: com.kms.katalon.composer.testcase.constants.composerTestcaseMessages
Warning: NLS missing message: BTN_ADDTESTSUITE in: com.kms.katalon.composer.testcase.constants.composerTestcaseMessages
Warning: NLS unused message: DIA_LBL_SELECT_TEST_DATA in: com.kms.katalon.composer.testsuite.constants.composerTestsuiteMessages
Warning: NLS unused message: HAND_WARN_TS_REQUIRES_PLUGIN_DYNAMIC_EXECUTION_TO_OPEN in: com.kms.katalon.composer.testsuite.constants.composerTestsuiteMessages
Warning: NLS unused message: DIA_INFO_KSE_COMBINE_MULTI_DATASOURCE in: com.kms.katalon.composer.testsuite.constants.composerTestsuiteMessages
Warning: NLS missing message: DIA_SHELL_DATA_ITERATION in: com.kms.katalon.composer.testsuite.constants.composerTestsuiteMessages
Warning: NLS missing message: DIA_LBL_TO_ROW in: com.kms.katalon.composer.testsuite.constants.composerTestsuiteMessages
Warning: NLS missing message: DIA_MSG_START_ROW_BIGGER_THAN_END_ROW in: com.kms.katalon.composer.testsuite.constants.composerTestsuiteMessages
Warning: NLS missing message: EDI_TITLE_TEST_CASE_BROWSER in: com.kms.katalon.composer.testsuite.constants.composerTestsuiteMessages
Warning: NLS missing message: DIA_MSG_CHOOSE_DATA_COLUMN in: com.kms.katalon.composer.testsuite.constants.composerTestsuiteMessages
Warning: NLS missing message: DIA_TABLE_EMPTY_COLUMN in: com.kms.katalon.composer.testsuite.constants.composerTestsuiteMessages
Warning: NLS missing message: DIA_WARN_MSG_EMPTY_COLUMN_NAME in: com.kms.katalon.composer.testsuite.constants.composerTestsuiteMessages
Warning: NLS missing message: PA_LBL_TOOLTIP_RETRY_IMMEDIATELY in: com.kms.katalon.composer.testsuite.constants.composerTestsuiteMessages
Warning: NLS unused message: Key in: com.kms.katalon.composer.objectrepository.constant.composerObjectRepositoryMessages
WebView Server has been started on port 59744
Warning: NLS missing message: PA_URL_SUPPORT_PORTAL in: com.kms.katalon.constants.messages
Warning: NLS missing message: URL_KATALON_SURVEY in: com.kms.katalon.constants.messages
Warning: NLS missing message: OFFLINE_ACTIVATION in: com.kms.katalon.constants.messages
Warning: NLS missing message: ENTERPRISE_TRIAL_LICENSE in: com.kms.katalon.constants.messages
Warning: NLS missing message: ActivationDialogV2_LBL_ENTERPRISE_LICENSE in: com.kms.katalon.constants.messages
Warning: NLS missing message: DIALOG_TITLE_FIRST_TIME_USE_SURVEY in: com.kms.katalon.constants.messages
Warning: NLS missing message: BTN_YES_CONTINUE_USE in: com.kms.katalon.constants.messages
Warning: NLS missing message: BTN_NO_QUIT_USING in: com.kms.katalon.constants.messages
Warning: NLS missing message: BTN_SEND in: com.kms.katalon.constants.messages
Warning: NLS missing message: MSG_QUESTION_WILL_CONTINUE_TO_USE in: com.kms.katalon.constants.messages
Warning: NLS missing message: MSG_QUIT_USING_KATALON_REASON in: com.kms.katalon.constants.messages
Warning: NLS missing message: MSG_QUIT_USING_KATALON_REASON_PLACEHOLDER in: com.kms.katalon.constants.messages
Start checking and mark activated for GUI mode
Start getting machine ID on Windows
Start appending additional signatures
hardwareSerialNumber 
osDependentUsername hp
End appending additional signatures 62532fe0-f0e6-4bc7-8c3c-88d703e001eb__hp
End getting machine ID on Windows 3e88d5dd9cc3224adb59187d5ff6c5de
End checking and mark activated for GUI mode
Your current licensed session is valid until: March 21, 2023 13:14
Start check license task
Warning: NLS unused message: LBL_DEFAULT_LOCATOR_SELECTION_AREA in: com.katalon.plugin.smart_xpath.constant.SmartXpathMessages

Mon Mar 20 13:19:52 IST 2023
Azure: Enterprise license for this feature is requested

Warning: NLS unused message: DIA_LBL_LIST_OF_COL_NAMES in: com.kms.katalon.composer.components.impl.constants.composerComponentsImplMessages
Warning: NLS unused message: DIA_LBL_SELECT_A_COL in: com.kms.katalon.composer.components.impl.constants.composerComponentsImplMessages
Latest plugins responses: []
Katalon version: 8.5.5
Plugin info URL: https://store.katalon.com/api/products/ks?appVersion=8.5.5&appType=KSE&licenseType=FREE

Mon Mar 20 13:20:07 IST 2023
Azure: Enterprise license for this feature is requested


Mon Mar 20 13:43:58 IST 2023
Azure: Enterprise license for this feature is requested


Mon Mar 20 14:54:52 IST 2023
Azure: Enterprise license for this feature is requested


Mon Mar 20 14:54:52 IST 2023
Azure: Enterprise license for this feature is requested

Mar 20, 2023 3:00:40 PM io.appium.java_client.remote.AppiumCommandExecutor$1 lambda$0
INFO: Detected dialect: W3C

Mon Mar 20 15:03:27 IST 2023
Azure: Enterprise license for this feature is requested

Mar 20, 2023 3:04:36 PM io.appium.java_client.remote.AppiumCommandExecutor$1 lambda$0
INFO: Detected dialect: W3C

Mon Mar 20 15:07:52 IST 2023
Azure: Enterprise license for this feature is requested

Warning: NLS unused message: DIA_TITLE_INSTALL_INSTRUCTIONS in: com.kms.katalon.composer.mobile.constants.composerMobileMessages
Mar 20, 2023 3:08:39 PM io.appium.java_client.remote.AppiumCommandExecutor$1 lambda$0
INFO: Detected dialect: W3C
CodeSelectRequestor: Could not proceed due to null declaring type for org.codehaus.groovy.ast.expr.ConstantExpression@6e137eeb[C:/Core/app-pinePOS-debug.apk]
CodeSelectRequestor: Could not proceed due to null declaring type for org.codehaus.groovy.ast.expr.ConstantExpression@2196cee2[C:/Core/]
CodeSelectRequestor: Could not proceed due to null declaring type for org.codehaus.groovy.ast.expr.ConstantExpression@2841145a[C:/Core/app-queueBusterAPP.apk]

Mon Mar 20 15:13:58 IST 2023
Azure: Enterprise license for this feature is requested

CodeSelectRequestor: Could not proceed due to null declaring type for org.codehaus.groovy.ast.expr.ConstantExpression@1ce6a337[  ]
CodeSelectRequestor: Could not proceed due to null declaring type for org.codehaus.groovy.ast.expr.ConstantExpression@35828ea5[  ]
CodeSelectRequestor: Could not proceed due to null declaring type for org.codehaus.groovy.ast.expr.ConstantExpression@280fd52d[NB  ]
CodeSelectRequestor: Could not proceed due to null declaring type for org.codehaus.groovy.ast.expr.ConstantExpression@280fd52d[NB  ]
CodeSelectRequestor: Could not proceed due to null declaring type for org.codehaus.groovy.ast.expr.ConstantExpression@5215f237[NB]
Launcher status after execution process completed: Running
CodeSelectRequestor: Could not proceed due to null declaring type for org.codehaus.groovy.ast.expr.ArgumentListExpression@43c539ef[]
CodeSelectRequestor: Could not proceed due to null declaring type for org.codehaus.groovy.ast.expr.ConstantExpression@4bb1dd96[  ]
CodeSelectRequestor: Could not proceed due to null declaring type for org.codehaus.groovy.ast.expr.ConstantExpression@2ac6acfe[ findTestObject(]
CodeSelectRequestor: Could not proceed due to null declaring type for org.codehaus.groovy.ast.expr.ConstantExpression@2d42d898[   ]
CodeSelectRequestor: Could not proceed due to null declaring type for org.codehaus.groovy.ast.expr.ConstantExpression@4c753357[  findTestObject(]

Mon Mar 20 15:35:05 IST 2023
Azure: Enterprise license for this feature is requested

Launcher status after execution process completed: Running
CodeSelectRequestor: Could not proceed due to null declaring type for org.codehaus.groovy.ast.expr.ArgumentListExpression@1af01ae4[org.codehaus.groovy.ast.expr.StaticMethodCallExpression@7eb787da[com.kms.katalon.core.testobject.ObjectRepository#findTestObject arguments: org.codehaus.groovy.ast.expr.ArgumentListExpression@64243fb5[org.codehaus.groovy.ast.expr.ConstantExpression@2f8add01[Object Repository/LogincaseOR/Login]]]]
CodeSelectRequestor: Could not proceed due to null declaring type for org.codehaus.groovy.ast.expr.ConstantExpression@6419a9a9[Object Repository/LogincaseOR/TextInput-Password]
CodeSelectRequestor: Could not proceed due to null declaring type for org.codehaus.groovy.ast.expr.ArgumentListExpression@6fa305b1[org.codehaus.groovy.ast.expr.StaticMethodCallExpression@3abd7c8a[com.kms.katalon.core.testobject.ObjectRepository#findTestObject arguments: org.codehaus.groovy.ast.expr.ArgumentListExpression@66665b9a[org.codehaus.groovy.ast.expr.ConstantExpression@45da04e6[Object Repository/LogincaseOR/TextInput-Password]]], org.codehaus.groovy.ast.expr.ConstantExpression@32a30f61[666666]]

Mon Mar 20 15:37:11 IST 2023
Azure: Enterprise license for this feature is requested

Launcher status after execution process completed: Running
Launcher status after execution process completed: Running
Launcher status after execution process completed: Running
Launcher status after execution process completed: Running

Mon Mar 20 15:43:58 IST 2023
Azure: Enterprise license for this feature is requested

Launcher status after execution process completed: Running
Mar 20, 2023 3:45:17 PM io.appium.java_client.remote.AppiumCommandExecutor$1 lambda$0
INFO: Detected dialect: W3C
CodeSelectRequestor: Could not proceed due to null declaring type for org.codehaus.groovy.ast.expr.ConstantExpression@35d38f28[Object Repository/LogincaseOR/TextInput-Password]
CodeSelectRequestor: Could not proceed due to null declaring type for org.codehaus.groovy.ast.expr.ConstantExpression@4bd70926[   ]
CodeSelectRequestor: Could not proceed due to null declaring type for org.codehaus.groovy.ast.expr.ConstantExpression@4bd70926[   ]
CodeSelectRequestor: Could not proceed due to null declaring type for org.codehaus.groovy.ast.expr.ConstantExpression@751e8cab[  findTestObject(]
CodeSelectRequestor: Could not proceed due to null declaring type for org.codehaus.groovy.ast.expr.PropertyExpression@4cf7bd65[object: org.codehaus.groovy.ast.expr.ClassExpression@2a9f84db[type: com.kms.katalon.core.mobile.keyword.MobileBuiltInKeywords] property: org.codehaus.groovy.ast.expr.ConstantExpression@3249d5bd[set]]
Launcher status after execution process completed: Running
CodeSelectRequestor: Could not proceed due to null declaring type for org.codehaus.groovy.ast.expr.ConstantExpression@626f6b14[Object Repository/LogincaseOR/PassFrameLayout]
CodeSelectRequestor: Could not proceed due to null declaring type for org.codehaus.groovy.ast.expr.ConstantExpression@626f6b14[Object Repository/LogincaseOR/PassFrameLayout]
CodeSelectRequestor: Could not proceed due to null declaring type for org.codehaus.groovy.ast.expr.ConstantExpression@745e975f[]
CodeSelectRequestor: Could not proceed due to null declaring type for org.codehaus.groovy.ast.expr.ConstantExpression@745e975f[]
CodeSelectRequestor: Could not proceed due to null declaring type for org.codehaus.groovy.ast.expr.ConstantExpression@38412935[findTestObject(]
CodeSelectRequestor: Could not proceed due to null declaring type for org.codehaus.groovy.ast.expr.ConstantExpression@38412935[findTestObject(]
CodeSelectRequestor: Could not proceed due to null declaring type for org.codehaus.groovy.ast.expr.ConstantExpression@7d09524c[Object Repository/LogincaseOR/PassLinearLayout]

Mon Mar 20 15:52:33 IST 2023
Azure: Enterprise license for this feature is requested

Launcher status after execution process completed: Running
Mar 20, 2023 4:00:59 PM io.appium.java_client.remote.AppiumCommandExecutor$1 lambda$0
INFO: Detected dialect: W3C
CodeSelectRequestor: Could not proceed due to null declaring type for org.codehaus.groovy.ast.expr.ConstantExpression@65b9594[666666]
CodeSelectRequestor: Could not proceed due to null declaring type for org.codehaus.groovy.ast.expr.ConstantExpression@e90c28a[null]
CodeSelectRequestor: Could not proceed due to null declaring type for org.codehaus.groovy.ast.expr.ConstantExpression@36d1a809[ ]
CodeSelectRequestor: Could not proceed due to null declaring type for org.codehaus.groovy.ast.expr.ConstantExpression@36d1a809[ ]
CodeSelectRequestor: Could not proceed due to null declaring type for org.codehaus.groovy.ast.expr.ConstantExpression@80d2f85[ findTestObject(]
Launcher status after execution process completed: Running
CodeSelectRequestor: Could not proceed due to null declaring type for org.codehaus.groovy.ast.expr.ConstantExpression@234588ad[666666]
CodeSelectRequestor: Could not proceed due to null declaring type for org.codehaus.groovy.ast.expr.ConstantExpression@234588ad[666666]
CodeSelectRequestor: Could not proceed due to null declaring type for org.codehaus.groovy.ast.expr.ConstantExpression@28d18f10[       ]
CodeSelectRequestor: Could not proceed due to null declaring type for org.codehaus.groovy.ast.expr.ConstantExpression@35aaf3a4[  findTestObject(]
CodeSelectRequestor: Could not proceed due to null declaring type for org.codehaus.groovy.ast.expr.ArgumentListExpression@26ad5aa5[org.codehaus.groovy.ast.expr.StaticMethodCallExpression@21558758[com.kms.katalon.core.testobject.ObjectRepository#findTestObject arguments: org.codehaus.groovy.ast.expr.ArgumentListExpression@17dcf725[org.codehaus.groovy.ast.expr.ConstantExpression@66bb05e5[Object Repository/LogincaseOR/Passwordinput]]], org.codehaus.groovy.ast.expr.ConstantExpression@2a0f13e5[0]]
CodeSelectRequestor: Could not proceed due to null declaring type for org.codehaus.groovy.ast.expr.ConstantExpression@347937d8[]
CodeSelectRequestor: Could not proceed due to null declaring type for org.codehaus.groovy.ast.expr.ConstantExpression@228ad380[66666]
CodeSelectRequestor: Could not proceed due to null declaring type for org.codehaus.groovy.ast.expr.ConstantExpression@601171db[666666]
CodeSelectRequestor: Could not proceed due to null declaring type for org.codehaus.groovy.ast.expr.ArgumentListExpression@56d808c5[org.codehaus.groovy.ast.expr.StaticMethodCallExpression@40ec202c[com.kms.katalon.core.testobject.ObjectRepository#findTestObject arguments: org.codehaus.groovy.ast.expr.ArgumentListExpression@622ca39a[org.codehaus.groovy.ast.expr.ConstantExpression@792f0e3c[Object Repository/LogincaseOR/Passwordinput]]], org.codehaus.groovy.ast.expr.ConstantExpression@6fa7affc[666666]]

Mon Mar 20 16:11:52 IST 2023
Azure: Enterprise license for this feature is requested

CodeSelectRequestor: Could not proceed due to null declaring type for org.codehaus.groovy.ast.expr.ConstantExpression@43271cf[C:/Core/app-queueBusterAPP.apk]

Mon Mar 20 16:11:59 IST 2023
Azure: Enterprise license for this feature is requested

Launcher status after execution process completed: Running

Mon Mar 20 16:13:58 IST 2023
Azure: Enterprise license for this feature is requested

Launcher status after execution process completed: Running
Mar 20, 2023 4:15:18 PM io.appium.java_client.remote.AppiumCommandExecutor$1 lambda$0
INFO: Detected dialect: W3C
CodeSelectRequestor: Could not proceed due to null declaring type for org.codehaus.groovy.ast.expr.ConstantExpression@5717c7b7[Object Repository/LogincaseOR/Passwordinput]
CodeSelectRequestor: Could not proceed due to null declaring type for org.codehaus.groovy.ast.expr.ConstantExpression@cb40141[ ]
CodeSelectRequestor: Could not proceed due to null declaring type for org.codehaus.groovy.ast.expr.ConstantExpression@cb40141[ ]
CodeSelectRequestor: Could not proceed due to null declaring type for org.codehaus.groovy.ast.expr.ConstantExpression@5f83c442[findTestObject(]
Launcher status after execution process completed: Running

Mon Mar 20 16:23:16 IST 2023
Azure: Enterprise license for this feature is requested

Launcher status after execution process completed: Running
Launcher status after execution process completed: Running
Mar 20, 2023 4:25:25 PM io.appium.java_client.remote.AppiumCommandExecutor$1 lambda$0
INFO: Detected dialect: W3C
CodeSelectRequestor: Could not proceed due to null declaring type for org.codehaus.groovy.ast.expr.ConstantExpression@7f55ea34[Object Repository/LogincaseOR/android.passssss]
CodeSelectRequestor: Could not proceed due to null declaring type for org.codehaus.groovy.ast.expr.ConstantExpression@7f55ea34[Object Repository/LogincaseOR/android.passssss]
CodeSelectRequestor: Could not proceed due to null declaring type for org.codehaus.groovy.ast.expr.ConstantExpression@1c2ad187[   ]
CodeSelectRequestor: Could not proceed due to null declaring type for org.codehaus.groovy.ast.expr.ConstantExpression@1c2ad187[   ]
CodeSelectRequestor: Could not proceed due to null declaring type for org.codehaus.groovy.ast.expr.ConstantExpression@1c2ad187[   ]
CodeSelectRequestor: Could not proceed due to null declaring type for org.codehaus.groovy.ast.expr.ConstantExpression@2a7dec69[   ]
CodeSelectRequestor: Could not proceed due to null declaring type for org.codehaus.groovy.ast.expr.ConstantExpression@5cbfe7c6[  findTestObject(]
CodeSelectRequestor: Could not proceed due to null declaring type for org.codehaus.groovy.ast.expr.ConstantExpression@16020e4c[  findTestObject(]

Mon Mar 20 16:28:58 IST 2023
Azure: Enterprise license for this feature is requested

Launcher status after execution process completed: Running
Mar 20, 2023 4:30:45 PM io.appium.java_client.remote.AppiumCommandExecutor$1 lambda$0
INFO: Detected dialect: W3C

Mon Mar 20 16:32:24 IST 2023
Azure: Enterprise license for this feature is requested

Launcher status after execution process completed: Running

Mon Mar 20 16:34:32 IST 2023
Azure: Enterprise license for this feature is requested


Mon Mar 20 16:34:32 IST 2023
Azure: Enterprise license for this feature is requested

Launcher status after execution process completed: Running
Launcher status after execution process completed: Running
CodeSelectRequestor: Could not proceed due to null declaring type for org.codehaus.groovy.ast.expr.PropertyExpression@17be0b4d[object: org.codehaus.groovy.ast.expr.ClassExpression@29fb0046[type: com.kms.katalon.core.mobile.keyword.MobileBuiltInKeywords] property: org.codehaus.groovy.ast.expr.ConstantExpression@3b1faa4b[Mobile]]

Mon Mar 20 16:39:49 IST 2023
Azure: Enterprise license for this feature is requested


Mon Mar 20 16:39:49 IST 2023
Azure: Enterprise license for this feature is requested

Launcher status after execution process completed: Running
Mar 20, 2023 4:41:43 PM io.appium.java_client.remote.AppiumCommandExecutor$1 lambda$0
INFO: Detected dialect: W3C
CodeSelectRequestor: Could not proceed due to null declaring type for org.codehaus.groovy.ast.expr.ConstantExpression@24f0de4b[Object Repository/LogincaseOR/LoginButtonPostPass]
CodeSelectRequestor: Could not proceed due to null declaring type for org.codehaus.groovy.ast.expr.ConstantExpression@b1e908a[Object Repository/LogincaseOR/LoginButtonPostPass]
CodeSelectRequestor: Could not proceed due to null declaring type for org.codehaus.groovy.ast.expr.ConstantExpression@4d1e3fd6[cc]
CodeSelectRequestor: Could not proceed due to null declaring type for org.codehaus.groovy.ast.expr.ConstantExpression@fa4f826[]
CodeSelectRequestor: Could not proceed due to null declaring type for org.codehaus.groovy.ast.expr.ConstantExpression@636d0c2[  ]
CodeSelectRequestor: Could not proceed due to null declaring type for org.codehaus.groovy.ast.expr.ConstantExpression@636d0c2[  ]
CodeSelectRequestor: Could not proceed due to null declaring type for org.codehaus.groovy.ast.expr.ConstantExpression@2259581b[ findTestObject(]

Mon Mar 20 16:43:58 IST 2023
Azure: Enterprise license for this feature is requested

Launcher status after execution process completed: Running
Launcher status after execution process completed: Running
Launcher status after execution process completed: Running
CodeSelectRequestor: Could not proceed due to null declaring type for org.codehaus.groovy.ast.expr.ConstantExpression@3dbd7bab[NB]
CodeSelectRequestor: Could not proceed due to null declaring type for org.codehaus.groovy.ast.expr.ConstantExpression@1a8db4b[Object Repository/LogincaseOR/android.widget.PassInput]
CodeSelectRequestor: Could not proceed due to null declaring type for org.codehaus.groovy.ast.expr.ConstantExpression@d479c3e[NB]
CodeSelectRequestor: Could not proceed due to null declaring type for org.codehaus.groovy.ast.expr.ConstantExpression@100bc676[ ]
CodeSelectRequestor: Could not proceed due to null declaring type for org.codehaus.groovy.ast.expr.ConstantExpression@100bc676[ ]
CodeSelectRequestor: Could not proceed due to null declaring type for org.codehaus.groovy.ast.expr.ConstantExpression@100bc676[ ]
CodeSelectRequestor: Could not proceed due to null declaring type for org.codehaus.groovy.ast.expr.ConstantExpression@4f517204[ findTestObject('Object Repository/LogincaseOR/TextInput-User')]
CodeSelectRequestor: Could not proceed due to null declaring type for org.codehaus.groovy.ast.expr.ConstantExpression@799cf630[ findTestObject('Object Repository/LogincaseOR/TextInput-User')]
CodeSelectRequestor: Could not proceed due to null declaring type for org.codehaus.groovy.ast.expr.ArgumentListExpression@5c1d2b73[org.codehaus.groovy.ast.expr.StaticMethodCallExpression@27b0664d[com.kms.katalon.core.testobject.ObjectRepository#findTestObject arguments: org.codehaus.groovy.ast.expr.ArgumentListExpression@5f6fb7ee[org.codehaus.groovy.ast.expr.ConstantExpression@393d11ff[Object Repository/LogincaseOR/TextInput-User]]], org.codehaus.groovy.ast.expr.ConstantExpression@ccef318[0]]
CodeSelectRequestor: Could not proceed due to null declaring type for org.codehaus.groovy.ast.expr.ArgumentListExpression@491b3183[org.codehaus.groovy.ast.expr.StaticMethodCallExpression@1c4ffa9e[com.kms.katalon.core.testobject.ObjectRepository#findTestObject arguments: org.codehaus.groovy.ast.expr.ArgumentListExpression@7b1b318b[org.codehaus.groovy.ast.expr.ConstantExpression@6f47cf1a[Object Repository/LogincaseOR/TextInput-User]]], org.codehaus.groovy.ast.expr.ConstantExpression@7f406c58[ERROR]]
CodeSelectRequestor: Could not proceed due to null declaring type for org.codehaus.groovy.ast.expr.ConstantExpression@402e83c5[]
CodeSelectRequestor: Could not proceed due to null declaring type for org.codehaus.groovy.ast.expr.ConstantExpression@19cefc04[nitesh]
CodeSelectRequestor: Could not proceed due to null declaring type for org.codehaus.groovy.ast.expr.ArgumentListExpression@51049f36[org.codehaus.groovy.ast.expr.StaticMethodCallExpression@3660b8d2[com.kms.katalon.core.testobject.ObjectRepository#findTestObject arguments: org.codehaus.groovy.ast.expr.ArgumentListExpression@26c138f9[org.codehaus.groovy.ast.expr.ConstantExpression@4f9bb297[Object Repository/LogincaseOR/TextInput-User]]], org.codehaus.groovy.ast.expr.ConstantExpression@3a93797d[nitesh]]
Launcher status after execution process completed: Running
Mar 20, 2023 4:52:09 PM io.appium.java_client.remote.AppiumCommandExecutor$1 lambda$0
INFO: Detected dialect: W3C
CodeSelectRequestor: Could not proceed due to null declaring type for org.codehaus.groovy.ast.expr.ConstantExpression@1a33ac57[Object Repository/LogincaseOR/TextInput-User]
CodeSelectRequestor: Could not proceed due to null declaring type for org.codehaus.groovy.ast.expr.ArgumentListExpression@5c879455[org.codehaus.groovy.ast.expr.StaticMethodCallExpression@524071b5[com.kms.katalon.core.testobject.ObjectRepository#findTestObject arguments: org.codehaus.groovy.ast.expr.ArgumentListExpression@567fff25[org.codehaus.groovy.ast.expr.ConstantExpression@1a33ac57[Object Repository/LogincaseOR/TextInput-User]]], org.codehaus.groovy.ast.expr.ConstantExpression@137d7b8e[nitesh], org.codehaus.groovy.ast.expr.ConstantExpression@73b86088[7]]
CodeSelectRequestor: Could not proceed due to null declaring type for org.codehaus.groovy.ast.expr.ConstantExpression@7ba5e5fa[]
CodeSelectRequestor: Could not proceed due to null declaring type for org.codehaus.groovy.ast.expr.ConstantExpression@2569925b[ ]
CodeSelectRequestor: Could not proceed due to null declaring type for org.codehaus.groovy.ast.expr.ConstantExpression@2569925b[ ]
CodeSelectRequestor: Could not proceed due to null declaring type for org.codehaus.groovy.ast.expr.ConstantExpression@16b91a20[ findTestObject(]
CodeSelectRequestor: Could not proceed due to null declaring type for org.codehaus.groovy.ast.expr.ConstantExpression@62dece6a[ findTestObject(]
CodeSelectRequestor: Could not proceed due to null declaring type for org.codehaus.groovy.ast.expr.ConstantExpression@65123136[), (]
CodeSelectRequestor: Could not proceed due to null declaring type for org.codehaus.groovy.ast.expr.ConstantExpression@227b3938[, (]
Launcher status after execution process completed: Running
CodeSelectRequestor: Could not proceed due to null declaring type for org.codehaus.groovy.ast.expr.ArgumentListExpression@38338e3e[]
Launcher status after execution process completed: Running
Launcher status after execution process completed: Running
Launcher status after execution process completed: Running
Mar 20, 2023 5:09:39 PM io.appium.java_client.remote.AppiumCommandExecutor$1 lambda$0
INFO: Detected dialect: W3C

Mon Mar 20 17:13:58 IST 2023
Azure: Enterprise license for this feature is requested

CodeSelectRequestor: Could not proceed due to null declaring type for org.codehaus.groovy.ast.expr.ConstantExpression@3fdeb4d0[  findTestObject(]
CodeSelectRequestor: Could not proceed due to null declaring type for org.codehaus.groovy.ast.expr.ArgumentListExpression@27a78b22[]

Mon Mar 20 17:52:17 IST 2023
Azure: Enterprise license for this feature is requested


Mon Mar 20 18:16:55 IST 2023
Azure: Enterprise license for this feature is requested


Mon Mar 20 18:19:18 IST 2023
Azure: Enterprise license for this feature is requested


Mon Mar 20 18:19:19 IST 2023
Azure: Enterprise license for this feature is requested

Launcher status after execution process completed: Running
Launcher status after execution process completed: Running

Mon Mar 20 18:26:03 IST 2023
Azure: Enterprise license for this feature is requested


Mon Mar 20 18:26:03 IST 2023
Azure: Enterprise license for this feature is requested

Launcher status after execution process completed: Running
Launcher status after execution process completed: Running

Mon Mar 20 18:35:31 IST 2023
Azure: Enterprise license for this feature is requested


Mon Mar 20 18:35:31 IST 2023
Azure: Enterprise license for this feature is requested


Mon Mar 20 18:35:32 IST 2023
Azure: Enterprise license for this feature is requested


Mon Mar 20 18:35:32 IST 2023
Azure: Enterprise license for this feature is requested


Mon Mar 20 18:35:34 IST 2023
Azure: Enterprise license for this feature is requested


Mon Mar 20 18:35:34 IST 2023
Azure: Enterprise license for this feature is requested


Mon Mar 20 18:43:58 IST 2023
Azure: Enterprise license for this feature is requested


Mon Mar 20 18:45:37 IST 2023
Azure: Enterprise license for this feature is requested


Mon Mar 20 18:45:37 IST 2023
Azure: Enterprise license for this feature is requested


Mon Mar 20 18:45:40 IST 2023
Azure: Enterprise license for this feature is requested


Mon Mar 20 18:45:40 IST 2023
Azure: Enterprise license for this feature is requested

Launcher status after execution process completed: Running
All launchers terminated

Mon Mar 20 18:46:24 IST 2023
org.eclipse.core.internal.resources.ResourceException(null)[566]: java.io.FileNotFoundException: C:\Softwares\Katlatest\Katalon_Studiolatestdownload\Katalon_Studio_Windows_64-8.5.5\config\.metadata\.plugins\org.eclipse.core.resources\.safetable\org.eclipse.core.resources (The system cannot find the path specified)
	at java.io.FileOutputStream.open0(Native Method)
	at java.io.FileOutputStream.open(FileOutputStream.java:270)
	at java.io.FileOutputStream.<init>(FileOutputStream.java:213)
	at java.io.FileOutputStream.<init>(FileOutputStream.java:133)
	at org.eclipse.core.internal.localstore.SafeChunkyOutputStream.<init>(SafeChunkyOutputStream.java:48)
	at org.eclipse.core.internal.localstore.SafeChunkyOutputStream.<init>(SafeChunkyOutputStream.java:44)
	at org.eclipse.core.internal.resources.SaveManager.saveMasterTable(SaveManager.java:1265)
	at org.eclipse.core.internal.resources.SaveManager.saveMasterTable(SaveManager.java:1255)
	at org.eclipse.core.internal.resources.SaveManager.save(SaveManager.java:1232)
	at org.eclipse.core.internal.resources.SaveManager.save(SaveManager.java:1143)
	at org.eclipse.core.internal.resources.Project.close(Project.java:197)
	at com.kms.katalon.controller.ProjectController.closeProject(ProjectController.java:280)
	at com.kms.katalon.composer.project.handlers.CloseProjectHandler.closeProject(CloseProjectHandler.java:138)
	at com.kms.katalon.composer.project.handlers.CloseProjectHandler.execute(CloseProjectHandler.java:96)
	at com.kms.katalon.composer.project.handlers.CloseProjectHandler$1.handleEvent(CloseProjectHandler.java:65)
	at org.eclipse.e4.ui.services.internal.events.UIEventHandler.lambda$0(UIEventHandler.java:38)
	at org.eclipse.swt.widgets.Synchronizer.syncExec(Synchronizer.java:236)
	at org.eclipse.ui.internal.UISynchronizer.syncExec(UISynchronizer.java:133)
	at org.eclipse.swt.widgets.Display.syncExec(Display.java:4735)
	at org.eclipse.e4.ui.internal.workbench.swt.E4Application$1.syncExec(E4Application.java:219)
	at org.eclipse.e4.ui.services.internal.events.UIEventHandler.handleEvent(UIEventHandler.java:38)
	at org.eclipse.equinox.internal.event.EventHandlerWrapper.handleEvent(EventHandlerWrapper.java:205)
	at org.eclipse.equinox.internal.event.EventHandlerTracker.dispatchEvent(EventHandlerTracker.java:203)
	at org.eclipse.equinox.internal.event.EventHandlerTracker.dispatchEvent(EventHandlerTracker.java:1)
	at org.eclipse.osgi.framework.eventmgr.EventManager.dispatchEvent(EventManager.java:234)
	at org.eclipse.osgi.framework.eventmgr.ListenerQueue.dispatchEventSynchronous(ListenerQueue.java:151)
	at org.eclipse.equinox.internal.event.EventAdminImpl.dispatchEvent(EventAdminImpl.java:132)
	at org.eclipse.equinox.internal.event.EventAdminImpl.sendEvent(EventAdminImpl.java:75)
	at org.eclipse.equinox.internal.event.EventComponent.sendEvent(EventComponent.java:44)
	at org.eclipse.e4.ui.services.internal.events.EventBroker.send(EventBroker.java:55)
	at com.kms.katalon.composer.handlers.QuitHandler.openConfirmMessageDialog(QuitHandler.java:74)
	at sun.reflect.NativeMethodAccessorImpl.invoke0(Native Method)
	at sun.reflect.NativeMethodAccessorImpl.invoke(NativeMethodAccessorImpl.java:62)
	at sun.reflect.DelegatingMethodAccessorImpl.invoke(DelegatingMethodAccessorImpl.java:43)
	at java.lang.reflect.Method.invoke(Method.java:498)
	at org.eclipse.e4.core.internal.di.MethodRequestor.execute(MethodRequestor.java:58)
	at org.eclipse.e4.core.internal.di.InjectorImpl.invokeUsingClass(InjectorImpl.java:319)
	at org.eclipse.e4.core.internal.di.InjectorImpl.invoke(InjectorImpl.java:253)
	at org.eclipse.e4.core.contexts.ContextInjectionFactory.invoke(ContextInjectionFactory.java:173)
	at org.eclipse.e4.core.commands.internal.HandlerServiceHandler.execute(HandlerServiceHandler.java:156)
	at org.eclipse.core.commands.Command.executeWithChecks(Command.java:488)
	at org.eclipse.core.commands.ParameterizedCommand.executeWithChecks(ParameterizedCommand.java:487)
	at org.eclipse.e4.core.commands.internal.HandlerServiceImpl.executeHandler(HandlerServiceImpl.java:213)
	at org.eclipse.e4.ui.workbench.renderers.swt.HandledContributionItem.executeItem(HandledContributionItem.java:438)
	at org.eclipse.e4.ui.workbench.renderers.swt.AbstractContributionItem.handleWidgetSelection(AbstractContributionItem.java:449)
	at org.eclipse.e4.ui.workbench.renderers.swt.AbstractContributionItem.lambda$2(AbstractContributionItem.java:475)
	at org.eclipse.swt.widgets.EventTable.sendEvent(EventTable.java:89)
	at org.eclipse.swt.widgets.Display.sendEvent(Display.java:4213)
	at org.eclipse.swt.widgets.Widget.sendEvent(Widget.java:1037)
	at org.eclipse.swt.widgets.Display.runDeferredEvents(Display.java:4030)
	at org.eclipse.swt.widgets.Display.readAndDispatch(Display.java:3630)
	at org.eclipse.e4.ui.internal.workbench.swt.PartRenderingEngine$5.run(PartRenderingEngine.java:1158)
	at org.eclipse.core.databinding.observable.Realm.runWithDefault(Realm.java:338)
	at org.eclipse.e4.ui.internal.workbench.swt.PartRenderingEngine.run(PartRenderingEngine.java:1047)
	at org.eclipse.e4.ui.internal.workbench.E4Workbench.createAndRunUI(E4Workbench.java:155)
	at org.eclipse.ui.internal.Workbench.lambda$3(Workbench.java:658)
	at org.eclipse.core.databinding.observable.Realm.runWithDefault(Realm.java:338)
	at org.eclipse.ui.internal.Workbench.createAndRunWorkbench(Workbench.java:557)
	at org.eclipse.ui.PlatformUI.createAndRunWorkbench(PlatformUI.java:154)
	at com.kms.katalon.core.application.WorkbenchApplicationStarter.start(WorkbenchApplicationStarter.java:23)
	at com.kms.katalon.application.Application.runGUI(Application.java:191)
	at com.kms.katalon.application.Application.start(Application.java:102)
	at org.eclipse.equinox.internal.app.EclipseAppHandle.run(EclipseAppHandle.java:203)
	at org.eclipse.core.runtime.internal.adaptor.EclipseAppLauncher.runApplication(EclipseAppLauncher.java:137)
	at org.eclipse.core.runtime.internal.adaptor.EclipseAppLauncher.start(EclipseAppLauncher.java:107)
	at org.eclipse.core.runtime.adaptor.EclipseStarter.run(EclipseStarter.java:401)
	at org.eclipse.core.runtime.adaptor.EclipseStarter.run(EclipseStarter.java:255)
	at sun.reflect.NativeMethodAccessorImpl.invoke0(Native Method)
	at sun.reflect.NativeMethodAccessorImpl.invoke(NativeMethodAccessorImpl.java:62)
	at sun.reflect.DelegatingMethodAccessorImpl.invoke(DelegatingMethodAccessorImpl.java:43)
	at java.lang.reflect.Method.invoke(Method.java:498)
	at org.eclipse.equinox.launcher.Main.invokeFramework(Main.java:657)
	at org.eclipse.equinox.launcher.Main.basicRun(Main.java:594)
	at org.eclipse.equinox.launcher.Main.run(Main.java:1447)


Start clean up session
End check license task
End clean up session
Start release license task
License released
End release license task
